[22-Mar-2021 11:06:35 UTC] PHP Parse error:  syntax error, unexpected 'function' (T_FUNCTION), expecting variable (T_VARIABLE) or '{' or '$' in C:\Users\ratna.nishad\Local Sites\technical-hub\app\public\wp-content\themes\technicalhubtheme\index.php on line 3
[22-Mar-2021 11:08:02 UTC] PHP Parse error:  syntax error, unexpected 'function' (T_FUNCTION), expecting variable (T_VARIABLE) or '{' or '$' in C:\Users\ratna.nishad\Local Sites\technical-hub\app\public\wp-content\themes\technicalhubtheme\index.php on line 3
[22-Mar-2021 11:08:30 UTC] PHP Parse error:  syntax error, unexpected 'function' (T_FUNCTION), expecting variable (T_VARIABLE) or '{' or '$' in C:\Users\ratna.nishad\Local Sites\technical-hub\app\public\wp-content\themes\technicalhubtheme\index.php on line 3
[22-Mar-2021 11:08:36 UTC] PHP Parse error:  syntax error, unexpected 'function' (T_FUNCTION), expecting variable (T_VARIABLE) or '{' or '$' in C:\Users\ratna.nishad\Local Sites\technical-hub\app\public\wp-content\themes\technicalhubtheme\index.php on line 3
[22-Mar-2021 11:37:53 UTC] PHP Parse error:  syntax error, unexpected '<' in C:\Users\ratna.nishad\Local Sites\technical-hub\app\public\wp-content\themes\technicalhubtheme\index.php on line 7
[22-Mar-2021 11:38:18 UTC] PHP Parse error:  syntax error, unexpected '<' in C:\Users\ratna.nishad\Local Sites\technical-hub\app\public\wp-content\themes\technicalhubtheme\index.php on line 7
[22-Mar-2021 11:38:45 UTC] PHP Parse error:  syntax error, unexpected '<' in C:\Users\ratna.nishad\Local Sites\technical-hub\app\public\wp-content\themes\technicalhubtheme\index.php on line 7
[22-Mar-2021 11:39:22 UTC] PHP Parse error:  syntax error, unexpected '<' in C:\Users\ratna.nishad\Local Sites\technical-hub\app\public\wp-content\themes\technicalhubtheme\index.php on line 7
[22-Mar-2021 11:40:26 UTC] PHP Parse error:  syntax error, unexpected '<' in C:\Users\ratna.nishad\Local Sites\technical-hub\app\public\wp-content\themes\technicalhubtheme\index.php on line 7
[23-Mar-2021 11:22:15 UTC] PHP Fatal error:  Uncaught Error: Call to undefined function get_stylesheets_uri() in C:\Users\ratna.nishad\Local Sites\technical-hub\app\public\wp-content\themes\technicalhubtheme\functions.php:4
Stack trace:
#0 C:\Users\ratna.nishad\Local Sites\technical-hub\app\public\wp-includes\class-wp-hook.php(292): university_files('')
#1 C:\Users\ratna.nishad\Local Sites\technical-hub\app\public\wp-includes\class-wp-hook.php(316): WP_Hook->apply_filters(NULL, Array)
#2 C:\Users\ratna.nishad\Local Sites\technical-hub\app\public\wp-includes\plugin.php(484): WP_Hook->do_action(Array)
#3 C:\Users\ratna.nishad\Local Sites\technical-hub\app\public\wp-includes\script-loader.php(2027): do_action('wp_enqueue_scri...')
#4 C:\Users\ratna.nishad\Local Sites\technical-hub\app\public\wp-includes\class-wp-hook.php(292): wp_enqueue_scripts('')
#5 C:\Users\ratna.nishad\Local Sites\technical-hub\app\public\wp-includes\class-wp-hook.php(316): WP_Hook->apply_filters(NULL, Array)
#6 C:\Users\ratna.nishad\Local Sites\technical-hub\app\public\wp-includes\pl in C:\Users\ratna.nishad\Local Sites\technical-hub\app\public\wp-content\themes\technicalhubtheme\functions.php on line 4
[23-Mar-2021 11:23:55 UTC] PHP Fatal error:  Uncaught Error: Call to undefined function get_stylesheets_uri() in C:\Users\ratna.nishad\Local Sites\technical-hub\app\public\wp-content\themes\technicalhubtheme\functions.php:4
Stack trace:
#0 C:\Users\ratna.nishad\Local Sites\technical-hub\app\public\wp-includes\class-wp-hook.php(292): university_files('')
#1 C:\Users\ratna.nishad\Local Sites\technical-hub\app\public\wp-includes\class-wp-hook.php(316): WP_Hook->apply_filters(NULL, Array)
#2 C:\Users\ratna.nishad\Local Sites\technical-hub\app\public\wp-includes\plugin.php(484): WP_Hook->do_action(Array)
#3 C:\Users\ratna.nishad\Local Sites\technical-hub\app\public\wp-includes\script-loader.php(2027): do_action('wp_enqueue_scri...')
#4 C:\Users\ratna.nishad\Local Sites\technical-hub\app\public\wp-includes\class-wp-hook.php(292): wp_enqueue_scripts('')
#5 C:\Users\ratna.nishad\Local Sites\technical-hub\app\public\wp-includes\class-wp-hook.php(316): WP_Hook->apply_filters(NULL, Array)
#6 C:\Users\ratna.nishad\Local Sites\technical-hub\app\public\wp-includes\pl in C:\Users\ratna.nishad\Local Sites\technical-hub\app\public\wp-content\themes\technicalhubtheme\functions.php on line 4
[23-Mar-2021 11:26:08 UTC] PHP Fatal error:  Uncaught Error: Call to undefined function get_stylesheets_uri() in C:\Users\ratna.nishad\Local Sites\technical-hub\app\public\wp-content\themes\technicalhubtheme\functions.php:4
Stack trace:
#0 C:\Users\ratna.nishad\Local Sites\technical-hub\app\public\wp-includes\class-wp-hook.php(292): university_files('')
#1 C:\Users\ratna.nishad\Local Sites\technical-hub\app\public\wp-includes\class-wp-hook.php(316): WP_Hook->apply_filters(NULL, Array)
#2 C:\Users\ratna.nishad\Local Sites\technical-hub\app\public\wp-includes\plugin.php(484): WP_Hook->do_action(Array)
#3 C:\Users\ratna.nishad\Local Sites\technical-hub\app\public\wp-includes\script-loader.php(2027): do_action('wp_enqueue_scri...')
#4 C:\Users\ratna.nishad\Local Sites\technical-hub\app\public\wp-includes\class-wp-hook.php(292): wp_enqueue_scripts('')
#5 C:\Users\ratna.nishad\Local Sites\technical-hub\app\public\wp-includes\class-wp-hook.php(316): WP_Hook->apply_filters(NULL, Array)
#6 C:\Users\ratna.nishad\Local Sites\technical-hub\app\public\wp-includes\pl in C:\Users\ratna.nishad\Local Sites\technical-hub\app\public\wp-content\themes\technicalhubtheme\functions.php on line 4
[23-Mar-2021 11:29:23 UTC] PHP Fatal error:  Uncaught Error: Call to undefined function get_stylesheets_uri() in C:\Users\ratna.nishad\Local Sites\technical-hub\app\public\wp-content\themes\technicalhubtheme\functions.php:4
Stack trace:
#0 C:\Users\ratna.nishad\Local Sites\technical-hub\app\public\wp-includes\class-wp-hook.php(292): university_files('')
#1 C:\Users\ratna.nishad\Local Sites\technical-hub\app\public\wp-includes\class-wp-hook.php(316): WP_Hook->apply_filters(NULL, Array)
#2 C:\Users\ratna.nishad\Local Sites\technical-hub\app\public\wp-includes\plugin.php(484): WP_Hook->do_action(Array)
#3 C:\Users\ratna.nishad\Local Sites\technical-hub\app\public\wp-includes\script-loader.php(2027): do_action('wp_enqueue_scri...')
#4 C:\Users\ratna.nishad\Local Sites\technical-hub\app\public\wp-includes\class-wp-hook.php(292): wp_enqueue_scripts('')
#5 C:\Users\ratna.nishad\Local Sites\technical-hub\app\public\wp-includes\class-wp-hook.php(316): WP_Hook->apply_filters(NULL, Array)
#6 C:\Users\ratna.nishad\Local Sites\technical-hub\app\public\wp-includes\pl in C:\Users\ratna.nishad\Local Sites\technical-hub\app\public\wp-content\themes\technicalhubtheme\functions.php on line 4
[23-Mar-2021 11:37:35 UTC] PHP Warning:  Use of undefined constant wp_footer - assumed 'wp_footer' (this will throw an Error in a future version of PHP) in C:\Users\ratna.nishad\Local Sites\technical-hub\app\public\wp-content\themes\technicalhubtheme\footer.php on line 1
[23-Mar-2021 11:37:35 UTC] PHP Stack trace:
[23-Mar-2021 11:37:35 UTC] PHP   1. {main}() C:\Users\ratna.nishad\Local Sites\technical-hub\app\public\index.php:0
[23-Mar-2021 11:37:35 UTC] PHP   2. require() C:\Users\ratna.nishad\Local Sites\technical-hub\app\public\index.php:17
[23-Mar-2021 11:37:35 UTC] PHP   3. require_once() C:\Users\ratna.nishad\Local Sites\technical-hub\app\public\wp-blog-header.php:19
[23-Mar-2021 11:37:35 UTC] PHP   4. include() C:\Users\ratna.nishad\Local Sites\technical-hub\app\public\wp-includes\template-loader.php:106
[23-Mar-2021 11:37:35 UTC] PHP   5. get_footer() C:\Users\ratna.nishad\Local Sites\technical-hub\app\public\wp-content\themes\technicalhubtheme\index.php:15
[23-Mar-2021 11:37:35 UTC] PHP   6. locate_template() C:\Users\ratna.nishad\Local Sites\technical-hub\app\public\wp-includes\general-template.php:92
[23-Mar-2021 11:37:35 UTC] PHP   7. load_template() C:\Users\ratna.nishad\Local Sites\technical-hub\app\public\wp-includes\template.php:676
[23-Mar-2021 11:37:35 UTC] PHP   8. require_once() C:\Users\ratna.nishad\Local Sites\technical-hub\app\public\wp-includes\template.php:730
[23-Mar-2021 13:12:32 UTC] PHP Parse error:  syntax error, unexpected 'the_content' (T_STRING) in C:\Users\ratna.nishad\Local Sites\technical-hub\app\public\wp-content\themes\technicalhubtheme\page.php on line 32
[23-Mar-2021 13:13:23 UTC] PHP Parse error:  syntax error, unexpected 'the_content' (T_STRING) in C:\Users\ratna.nishad\Local Sites\technical-hub\app\public\wp-content\themes\technicalhubtheme\page.php on line 32
[23-Mar-2021 13:13:29 UTC] PHP Parse error:  syntax error, unexpected 'the_content' (T_STRING) in C:\Users\ratna.nishad\Local Sites\technical-hub\app\public\wp-content\themes\technicalhubtheme\page.php on line 32
[23-Mar-2021 13:21:31 UTC] PHP Parse error:  syntax error, unexpected 'page' (T_STRING) in C:\Users\ratna.nishad\Local Sites\technical-hub\app\public\wp-content\themes\technicalhubtheme\page.php on line 9
[23-Mar-2021 13:35:42 UTC] PHP Parse error:  syntax error, unexpected 'echo' (T_ECHO) in C:\Users\ratna.nishad\Local Sites\technical-hub\app\public\wp-content\themes\technicalhubtheme\header.php on line 11
[23-Mar-2021 13:37:51 UTC] PHP Parse error:  syntax error, unexpected 'echo' (T_ECHO) in C:\Users\ratna.nishad\Local Sites\technical-hub\app\public\wp-content\themes\technicalhubtheme\header.php on line 11
[23-Mar-2021 14:07:23 UTC] PHP Fatal error:  Uncaught Error: Call to undefined function get_post_parent_ID() in C:\Users\ratna.nishad\Local Sites\technical-hub\app\public\wp-content\themes\technicalhubtheme\page.php:19
Stack trace:
#0 C:\Users\ratna.nishad\Local Sites\technical-hub\app\public\wp-includes\template-loader.php(106): include()
#1 C:\Users\ratna.nishad\Local Sites\technical-hub\app\public\wp-blog-header.php(19): require_once('C:\\Users\\ratna....')
#2 C:\Users\ratna.nishad\Local Sites\technical-hub\app\public\index.php(17): require('C:\\Users\\ratna....')
#3 {main}
  thrown in C:\Users\ratna.nishad\Local Sites\technical-hub\app\public\wp-content\themes\technicalhubtheme\page.php on line 19
[23-Mar-2021 14:07:32 UTC] PHP Fatal error:  Uncaught Error: Call to undefined function get_post_parent_ID() in C:\Users\ratna.nishad\Local Sites\technical-hub\app\public\wp-content\themes\technicalhubtheme\page.php:19
Stack trace:
#0 C:\Users\ratna.nishad\Local Sites\technical-hub\app\public\wp-includes\template-loader.php(106): include()
#1 C:\Users\ratna.nishad\Local Sites\technical-hub\app\public\wp-blog-header.php(19): require_once('C:\\Users\\ratna....')
#2 C:\Users\ratna.nishad\Local Sites\technical-hub\app\public\index.php(17): require('C:\\Users\\ratna....')
#3 {main}
  thrown in C:\Users\ratna.nishad\Local Sites\technical-hub\app\public\wp-content\themes\technicalhubtheme\page.php on line 19
[23-Mar-2021 14:09:01 UTC] PHP Fatal error:  Uncaught Error: Call to undefined function get_post_parent_ID() in C:\Users\ratna.nishad\Local Sites\technical-hub\app\public\wp-content\themes\technicalhubtheme\page.php:19
Stack trace:
#0 C:\Users\ratna.nishad\Local Sites\technical-hub\app\public\wp-includes\template-loader.php(106): include()
#1 C:\Users\ratna.nishad\Local Sites\technical-hub\app\public\wp-blog-header.php(19): require_once('C:\\Users\\ratna....')
#2 C:\Users\ratna.nishad\Local Sites\technical-hub\app\public\index.php(17): require('C:\\Users\\ratna....')
#3 {main}
  thrown in C:\Users\ratna.nishad\Local Sites\technical-hub\app\public\wp-content\themes\technicalhubtheme\page.php on line 19
[23-Mar-2021 14:09:08 UTC] PHP Fatal error:  Uncaught Error: Call to undefined function get_post_parent_ID() in C:\Users\ratna.nishad\Local Sites\technical-hub\app\public\wp-content\themes\technicalhubtheme\page.php:19
Stack trace:
#0 C:\Users\ratna.nishad\Local Sites\technical-hub\app\public\wp-includes\template-loader.php(106): include()
#1 C:\Users\ratna.nishad\Local Sites\technical-hub\app\public\wp-blog-header.php(19): require_once('C:\\Users\\ratna....')
#2 C:\Users\ratna.nishad\Local Sites\technical-hub\app\public\index.php(17): require('C:\\Users\\ratna....')
#3 {main}
  thrown in C:\Users\ratna.nishad\Local Sites\technical-hub\app\public\wp-content\themes\technicalhubtheme\page.php on line 19
[23-Mar-2021 14:26:49 UTC] PHP Parse error:  syntax error, unexpected '_title' (T_STRING), expecting ',' or ';' in C:\Users\ratna.nishad\Local Sites\technical-hub\app\public\wp-content\themes\technicalhubtheme\page.php on line 24
[23-Mar-2021 14:28:06 UTC] PHP Parse error:  syntax error, unexpected '_title' (T_STRING), expecting ',' or ';' in C:\Users\ratna.nishad\Local Sites\technical-hub\app\public\wp-content\themes\technicalhubtheme\page.php on line 24
[23-Mar-2021 14:28:09 UTC] PHP Parse error:  syntax error, unexpected '_title' (T_STRING), expecting ',' or ';' in C:\Users\ratna.nishad\Local Sites\technical-hub\app\public\wp-content\themes\technicalhubtheme\page.php on line 24
[23-Mar-2021 14:28:20 UTC] PHP Parse error:  syntax error, unexpected '_title' (T_STRING), expecting ',' or ';' in C:\Users\ratna.nishad\Local Sites\technical-hub\app\public\wp-content\themes\technicalhubtheme\page.php on line 24
[23-Mar-2021 14:31:31 UTC] PHP Parse error:  syntax error, unexpected '_title' (T_STRING), expecting ',' or ';' in C:\Users\ratna.nishad\Local Sites\technical-hub\app\public\wp-content\themes\technicalhubtheme\page.php on line 24
[23-Mar-2021 14:33:47 UTC] PHP Parse error:  syntax error, unexpected '_title' (T_STRING), expecting ',' or ';' in C:\Users\ratna.nishad\Local Sites\technical-hub\app\public\wp-content\themes\technicalhubtheme\page.php on line 24
[23-Mar-2021 14:35:23 UTC] PHP Parse error:  syntax error, unexpected '_title' (T_STRING), expecting ',' or ';' in C:\Users\ratna.nishad\Local Sites\technical-hub\app\public\wp-content\themes\technicalhubtheme\page.php on line 24
[23-Mar-2021 14:36:44 UTC] PHP Parse error:  syntax error, unexpected '_title' (T_STRING), expecting ',' or ';' in C:\Users\ratna.nishad\Local Sites\technical-hub\app\public\wp-content\themes\technicalhubtheme\page.php on line 24
[23-Mar-2021 14:36:53 UTC] PHP Parse error:  syntax error, unexpected '_title' (T_STRING), expecting ',' or ';' in C:\Users\ratna.nishad\Local Sites\technical-hub\app\public\wp-content\themes\technicalhubtheme\page.php on line 24
[23-Mar-2021 14:36:54 UTC] PHP Parse error:  syntax error, unexpected '_title' (T_STRING), expecting ',' or ';' in C:\Users\ratna.nishad\Local Sites\technical-hub\app\public\wp-content\themes\technicalhubtheme\page.php on line 24
[23-Mar-2021 14:36:55 UTC] PHP Parse error:  syntax error, unexpected '_title' (T_STRING), expecting ',' or ';' in C:\Users\ratna.nishad\Local Sites\technical-hub\app\public\wp-content\themes\technicalhubtheme\page.php on line 24
[23-Mar-2021 14:36:56 UTC] PHP Parse error:  syntax error, unexpected '_title' (T_STRING), expecting ',' or ';' in C:\Users\ratna.nishad\Local Sites\technical-hub\app\public\wp-content\themes\technicalhubtheme\page.php on line 24
[23-Mar-2021 14:38:02 UTC] PHP Parse error:  syntax error, unexpected '_title' (T_STRING), expecting ',' or ';' in C:\Users\ratna.nishad\Local Sites\technical-hub\app\public\wp-content\themes\technicalhubtheme\page.php on line 21
[27-Mar-2021 11:52:45 UTC] PHP Parse error:  syntax error, unexpected ''child_of'' (T_CONSTANT_ENCAPSED_STRING), expecting ')' in C:\Users\ratna.nishad\Local Sites\technical-hub\app\public\wp-content\themes\technicalhubtheme\page.php on line 36
[27-Mar-2021 12:18:28 UTC] PHP Parse error:  syntax error, unexpected ';', expecting ')' in C:\Users\ratna.nishad\Local Sites\technical-hub\app\public\wp-content\themes\technicalhubtheme\page.php on line 43
